#
# There is insufficient memory for the Java Runtime Environment to continue.
# Native memory allocation (malloc) failed to allocate 814016 bytes for Chunk::new
# Possible reasons:
#   The system is out of physical RAM or swap space
#   The process is running with CompressedOops enabled, and the Java Heap may be blocking the growth of the native heap
# Possible solutions:
#   Reduce memory load on the system
#   Increase physical memory or swap space
#   Check if swap backing store is full
#   Decrease Java heap size (-Xmx/-Xms)
#   Decrease number of Java threads
#   Decrease Java thread stack sizes (-Xss)
#   Set larger code cache with -XX:ReservedCodeCacheSize=
#   JVM is running with Unscaled Compressed Oops mode in which the Java heap is
#     placed in the first 4GB address space. The Java Heap base address is the
#     maximum limit for the native heap growth. Please use -XX:HeapBaseMinAddress
#     to set the Java Heap base and to place the Java Heap above 4GB virtual address.
# This output file may be truncated or incomplete.
#
#  Out of Memory Error (arena.cpp:184), pid=10412, tid=9536
#
# JRE version: Java(TM) SE Runtime Environment (18.0.1.1+2) (build 18.0.1.1+2-6)
# Java VM: Java HotSpot(TM) 64-Bit Server VM (18.0.1.1+2-6, mixed mode, sharing, tiered, compressed oops, compressed class ptrs, g1 gc, windows-amd64)
# No core dump will be written. Minidumps are not enabled by default on client versions of Windows
#

---------------  S U M M A R Y ------------

Command Line: --add-opens=java.base/java.util=ALL-UNNAMED --add-opens=java.base/java.lang=ALL-UNNAMED --add-opens=java.base/java.lang.invoke=ALL-UNNAMED --add-opens=java.base/java.util=ALL-UNNAMED --add-opens=java.prefs/java.util.prefs=ALL-UNNAMED --add-opens=java.prefs/java.util.prefs=ALL-UNNAMED --add-opens=java.base/java.nio.charset=ALL-UNNAMED --add-opens=java.base/java.net=ALL-UNNAMED --add-opens=java.base/java.util.concurrent.atomic=ALL-UNNAMED -Xmx1536M -Dfile.encoding=utf8 -Duser.country=TR -Duser.language=tr -Duser.variant org.gradle.launcher.daemon.bootstrap.GradleDaemon 7.4

Host: Intel(R) Core(TM) i3-7020U CPU @ 2.30GHz, 4 cores, 3G,  Windows 10 , 64 bit Build 19041 (10.0.19041.1741)
Time: Sun Jun 19 17:17:46 2022 Türkiye Standart Saati elapsed time: 41.894962 seconds (0d 0h 0m 41s)

---------------  T H R E A D  ---------------

Current thread (0x000001c67f166d40):  JavaThread "C2 CompilerThread0" daemon [_thread_in_native, id=9536, stack(0x0000009f41c00000,0x0000009f41d00000)]


Current CompileTask:
C2:  41895 5347       4       java.security.SecureClassLoader::defineClass (16 bytes)

Stack: [0x0000009f41c00000,0x0000009f41d00000]
Native frames: (J=compiled Java code, j=interpreted, Vv=VM code, C=native code)
V  [jvm.dll+0x69887a]
V  [jvm.dll+0x7f38bd]
V  [jvm.dll+0x7f51ce]
V  [jvm.dll+0x7f5883]
V  [jvm.dll+0x25ca3f]
V  [jvm.dll+0xb8c2f]
V  [jvm.dll+0xb8fa5]
V  [jvm.dll+0x385a6b]
V  [jvm.dll+0x34f811]
V  [jvm.dll+0x34ecaa]
V  [jvm.dll+0x22fc21]
V  [jvm.dll+0x22eff1]
V  [jvm.dll+0x1b9cfc]
V  [jvm.dll+0x23e8ca]
V  [jvm.dll+0x23cbb5]
V  [jvm.dll+0x7a5fb1]
V  [jvm.dll+0x7a03ea]
V  [jvm.dll+0x697725]
C  [ucrtbase.dll+0x21bb2]
C  [KERNEL32.DLL+0x17034]
C  [ntdll.dll+0x52651]


---------------  P R O C E S S  ---------------

Threads class SMR info:
_java_thread_list=0x000001c61f71f220, length=39, elements={
0x000001c67b343e30, 0x000001c67b3f9500, 0x000001c67b3fa070, 0x000001c67f161730,
0x000001c67f162ff0, 0x000001c67f1638a0, 0x000001c67f166160, 0x000001c67f166d40,
0x000001c67f169640, 0x000001c67f1ac500, 0x000001c61cc685c0, 0x000001c61cc6d2c0,
0x000001c61dcd5f20, 0x000001c61d67f5a0, 0x000001c61e7e98c0, 0x000001c61d93e910,
0x000001c67f1b3200, 0x000001c61ce42540, 0x000001c61e7e79a0, 0x000001c61ccdf0b0,
0x000001c61ccde240, 0x000001c61ccdc560, 0x000001c61ccdf580, 0x000001c61ccde710,
0x000001c61ccdebe0, 0x000001c61ccdd8a0, 0x000001c61ccdca30, 0x000001c61ccdcf00,
0x000001c61ccdfa50, 0x000001c61ccdff20, 0x000001c61ccdd3d0, 0x000001c61eef2c90,
0x000001c61eef1480, 0x000001c61eeefc70, 0x000001c61eef1950, 0x000001c61eef1e20,
0x000001c61eeef2d0, 0x000001c61eef0ae0, 0x000001c61eef22f0
}

Java Threads: ( => current thread )
  0x000001c67b343e30 JavaThread "main" [_thread_blocked, id=6368, stack(0x0000009f40f00000,0x0000009f41000000)]
  0x000001c67b3f9500 JavaThread "Reference Handler" daemon [_thread_blocked, id=6428, stack(0x0000009f41600000,0x0000009f41700000)]
  0x000001c67b3fa070 JavaThread "Finalizer" daemon [_thread_blocked, id=12328, stack(0x0000009f41700000,0x0000009f41800000)]
  0x000001c67f161730 JavaThread "Signal Dispatcher" daemon [_thread_blocked, id=8216, stack(0x0000009f41800000,0x0000009f41900000)]
  0x000001c67f162ff0 JavaThread "Attach Listener" daemon [_thread_blocked, id=6504, stack(0x0000009f41900000,0x0000009f41a00000)]
  0x000001c67f1638a0 JavaThread "Service Thread" daemon [_thread_blocked, id=7284, stack(0x0000009f41a00000,0x0000009f41b00000)]
  0x000001c67f166160 JavaThread "Monitor Deflation Thread" daemon [_thread_blocked, id=9696, stack(0x0000009f41b00000,0x0000009f41c00000)]
=>0x000001c67f166d40 JavaThread "C2 CompilerThread0" daemon [_thread_in_native, id=9536, stack(0x0000009f41c00000,0x0000009f41d00000)]
  0x000001c67f169640 JavaThread "C1 CompilerThread0" daemon [_thread_blocked, id=12224, stack(0x0000009f41d00000,0x0000009f41e00000)]
  0x000001c67f1ac500 JavaThread "Sweeper thread" daemon [_thread_blocked, id=6864, stack(0x0000009f41e00000,0x0000009f41f00000)]
  0x000001c61cc685c0 JavaThread "Common-Cleaner" daemon [_thread_blocked, id=11880, stack(0x0000009f41f00000,0x0000009f42000000)]
  0x000001c61cc6d2c0 JavaThread "Notification Thread" daemon [_thread_blocked, id=6724, stack(0x0000009f42000000,0x0000009f42100000)]
  0x000001c61dcd5f20 JavaThread "Daemon health stats" [_thread_blocked, id=10604, stack(0x0000009f42500000,0x0000009f42600000)]
  0x000001c61d67f5a0 JavaThread "Incoming local TCP Connector on port 54216" [_thread_in_native, id=8132, stack(0x0000009f42600000,0x0000009f42700000)]
  0x000001c61e7e98c0 JavaThread "Daemon periodic checks" [_thread_blocked, id=7936, stack(0x0000009f42700000,0x0000009f42800000)]
  0x000001c61d93e910 JavaThread "Daemon" [_thread_blocked, id=12776, stack(0x0000009f42800000,0x0000009f42900000)]
  0x000001c67f1b3200 JavaThread "Handler for socket connection from /127.0.0.1:54216 to /127.0.0.1:54218" [_thread_in_native, id=12396, stack(0x0000009f42900000,0x0000009f42a00000)]
  0x000001c61ce42540 JavaThread "Cancel handler" [_thread_blocked, id=13296, stack(0x0000009f42a00000,0x0000009f42b00000)]
  0x000001c61e7e79a0 JavaThread "Daemon worker" [_thread_in_Java, id=12456, stack(0x0000009f42b00000,0x0000009f42c00000)]
  0x000001c61ccdf0b0 JavaThread "Asynchronous log dispatcher for DefaultDaemonConnection: socket connection from /127.0.0.1:54216 to /127.0.0.1:54218" [_thread_blocked, id=9540, stack(0x0000009f42c00000,0x0000009f42d00000)]
  0x000001c61ccde240 JavaThread "Stdin handler" [_thread_blocked, id=6608, stack(0x0000009f42d00000,0x0000009f42e00000)]
  0x000001c61ccdc560 JavaThread "Daemon client event forwarder" [_thread_blocked, id=12548, stack(0x0000009f42e00000,0x0000009f42f00000)]
  0x000001c61ccdf580 JavaThread "Cache worker for journal cache (C:\Users\camda\.gradle\caches\journal-1)" [_thread_blocked, id=10400, stack(0x0000009f42f00000,0x0000009f43000000)]
  0x000001c61ccde710 JavaThread "File lock request listener" [_thread_in_native, id=11224, stack(0x0000009f43000000,0x0000009f43100000)]
  0x000001c61ccdebe0 JavaThread "Cache worker for file hash cache (C:\Users\camda\.gradle\caches\7.4\fileHashes)" [_thread_blocked, id=9512, stack(0x0000009f43100000,0x0000009f43200000)]
  0x000001c61ccdd8a0 JavaThread "File watcher server" daemon [_thread_in_native, id=12972, stack(0x0000009f43200000,0x0000009f43300000)]
  0x000001c61ccdca30 JavaThread "File watcher consumer" daemon [_thread_blocked, id=1832, stack(0x0000009f43300000,0x0000009f43400000)]
  0x000001c61ccdcf00 JavaThread "jar transforms" [_thread_blocked, id=3228, stack(0x0000009f43400000,0x0000009f43500000)]
  0x000001c61ccdfa50 JavaThread "jar transforms Thread 2" [_thread_blocked, id=9768, stack(0x0000009f43500000,0x0000009f43600000)]
  0x000001c61ccdff20 JavaThread "Cache worker for checksums cache (D:\cook\cook\android\.gradle\7.4\checksums)" [_thread_blocked, id=2128, stack(0x0000009f43600000,0x0000009f43700000)]
  0x000001c61ccdd3d0 JavaThread "Cache worker for cache directory md-rule (C:\Users\camda\.gradle\caches\7.4\md-rule)" [_thread_blocked, id=10104, stack(0x0000009f43700000,0x0000009f43800000)]
  0x000001c61eef2c90 JavaThread "Cache worker for file hash cache (D:\cook\cook\android\.gradle\7.4\fileHashes)" [_thread_blocked, id=8512, stack(0x0000009f43900000,0x0000009f43a00000)]
  0x000001c61eef1480 JavaThread "Cache worker for cache directory md-supplier (C:\Users\camda\.gradle\caches\7.4\md-supplier)" [_thread_blocked, id=12468, stack(0x0000009f43a00000,0x0000009f43b00000)]
  0x000001c61eeefc70 JavaThread "Cache worker for execution history cache (C:\Users\camda\.gradle\caches\7.4\executionHistory)" [_thread_blocked, id=11396, stack(0x0000009f43b00000,0x0000009f43c00000)]
  0x000001c61eef1950 JavaThread "jar transforms Thread 3" [_thread_blocked, id=11084, stack(0x0000009f43e00000,0x0000009f43f00000)]
  0x000001c61eef1e20 JavaThread "Cache worker for file content cache (C:\Users\camda\.gradle\caches\7.4\fileContent)" [_thread_blocked, id=4800, stack(0x0000009f43f00000,0x0000009f44000000)]
  0x000001c61eeef2d0 JavaThread "jar transforms Thread 4" [_thread_blocked, id=8696, stack(0x0000009f44000000,0x0000009f44100000)]
  0x000001c61eef0ae0 JavaThread "Cache worker for dependencies-accessors (D:\cook\cook\android\.gradle\7.4\dependencies-accessors)" [_thread_blocked, id=8432, stack(0x0000009f44100000,0x0000009f44200000)]
  0x000001c61eef22f0 JavaThread "Cache worker for Build Output Cleanup Cache (D:\cook\cook\android\.gradle\buildOutputCleanup)" [_thread_blocked, id=12404, stack(0x0000009f44200000,0x0000009f44300000)]

Other Threads:
  0x000001c67b3b3ac0 VMThread "VM Thread" [stack: 0x0000009f41500000,0x0000009f41600000] [id=7600]
  0x000001c61cc703c0 WatcherThread "VM Periodic Task Thread" [stack: 0x0000009f42100000,0x0000009f42200000] [id=5172]
  0x000001c67b394a90 WorkerThread "GC Thread#0" [stack: 0x0000009f41000000,0x0000009f41100000] [id=12196]
  0x000001c61cdb61d0 WorkerThread "GC Thread#1" [stack: 0x0000009f42200000,0x0000009f42300000] [id=9896]
  0x000001c61ce6e3c0 WorkerThread "GC Thread#2" [stack: 0x0000009f42300000,0x0000009f42400000] [id=12436]
  0x000001c61ccd71f0 WorkerThread "GC Thread#3" [stack: 0x0000009f42400000,0x0000009f42500000] [id=10444]
  0x000001c67b3a2070 ConcurrentGCThread "G1 Main Marker" [stack: 0x0000009f41100000,0x0000009f41200000] [id=1028]
  0x000001c67b3a2970 WorkerThread "G1 Conc#0" [stack: 0x0000009f41200000,0x0000009f41300000] [id=9024]
  0x000001c67b3ce090 ConcurrentGCThread "G1 Refine#0" [stack: 0x0000009f41300000,0x0000009f41400000] [id=2720]
  0x000001c67f1b1840 ConcurrentGCThread "G1 Refine#1" [stack: 0x0000009f43800000,0x0000009f43900000] [id=8116]
  0x000001c62002f4a0 ConcurrentGCThread "G1 Refine#2" [stack: 0x0000009f44300000,0x0000009f44400000] [id=7288]
  0x000001c67b3cf8c0 ConcurrentGCThread "G1 Service" [stack: 0x0000009f41400000,0x0000009f41500000] [id=11988]

Threads with active compile tasks:
C2 CompilerThread0    42120 5347       4       java.security.SecureClassLoader::defineClass (16 bytes)

VM state: not at safepoint (normal execution)

VM Mutex/Monitor currently owned by a thread: None

Heap address: 0x00000000a0000000, size: 1536 MB, Compressed Oops mode: 32-bit

CDS archive(s) mapped at: [0x0000000800000000-0x0000000800ba0000-0x0000000800ba0000), size 12189696, SharedBaseAddress: 0x0000000800000000, ArchiveRelocationMode: 0.
Compressed class space mapped at: 0x0000000800c00000-0x0000000840c00000, reserved size: 1073741824
Narrow klass base: 0x0000000800000000, Narrow klass shift: 0, Narrow klass range: 0x100000000

GC Precious Log:
 CardTable entry size: 512
 Card Set container configuration: InlinePtr #cards 5 size 8 Array Of Cards #cards 12 size 40 Howl #buckets 4 coarsen threshold 1843 Howl Bitmap #cards 512 size 80 coarsen threshold 460 Card regions per heap region 1 cards per card region 2048
 CPUs: 4 total, 4 available
 Memory: 4001M
 Large Page Support: Disabled
 NUMA Support: Disabled
 Compressed Oops: Enabled (32-bit)
 Heap Region Size: 1M
 Heap Min Capacity: 8M
 Heap Initial Capacity: 64M
 Heap Max Capacity: 1536M
 Pre-touch: Disabled
 Parallel Workers: 4
 Concurrent Workers: 1
 Concurrent Refinement Workers: 4
 Periodic GC: Disabled

Heap:
 garbage-first heap   total 112640K, used 44816K [0x00000000a0000000, 0x0000000100000000)
  region size 1024K, 16 young (16384K), 8 survivors (8192K)
 Metaspace       used 43480K, committed 44800K, reserved 1114112K
  class space    used 6025K, committed 6720K, reserved 1048576K

Heap Regions: E=young(eden), S=young(survivor), O=old, HS=humongous(starts), HC=humongous(continues), CS=collection set, F=free, OA=open archive, CA=closed archive, TAMS=top-at-mark-start (previous, next)
|   0|0x00000000a0000000, 0x00000000a0100000, 0x00000000a0100000|100%|HS|  |TAMS 0x00000000a0100000, 0x00000000a0000000| Complete 
|   1|0x00000000a0100000, 0x00000000a0200000, 0x00000000a0200000|100%|HC|  |TAMS 0x00000000a0200000, 0x00000000a0100000| Complete 
|   2|0x00000000a0200000, 0x00000000a0300000, 0x00000000a0300000|100%|HC|  |TAMS 0x00000000a0300000, 0x00000000a0200000| Complete 
|   3|0x00000000a0300000, 0x00000000a0400000, 0x00000000a0400000|100%| O|  |TAMS 0x00000000a0400000, 0x00000000a0300000| Untracked 
|   4|0x00000000a0400000, 0x00000000a0500000, 0x00000000a0500000|100%| O|  |TAMS 0x00000000a0500000, 0x00000000a0400000| Untracked 
|   5|0x00000000a0500000, 0x00000000a0600000, 0x00000000a0600000|100%| O|  |TAMS 0x00000000a0600000, 0x00000000a0500000| Untracked 
|   6|0x00000000a0600000, 0x00000000a0700000, 0x00000000a0700000|100%| O|  |TAMS 0x00000000a0700000, 0x00000000a0600000| Untracked 
|   7|0x00000000a0700000, 0x00000000a0800000, 0x00000000a0800000|100%| O|  |TAMS 0x00000000a07da000, 0x00000000a0700000| Untracked 
|   8|0x00000000a0800000, 0x00000000a0900000, 0x00000000a0900000|100%| O|  |TAMS 0x00000000a0900000, 0x00000000a0800000| Untracked 
|   9|0x00000000a0900000, 0x00000000a0a00000, 0x00000000a0a00000|100%| O|  |TAMS 0x00000000a0a00000, 0x00000000a0900000| Untracked 
|  10|0x00000000a0a00000, 0x00000000a0b00000, 0x00000000a0b00000|100%| O|  |TAMS 0x00000000a0b00000, 0x00000000a0a00000| Untracked 
|  11|0x00000000a0b00000, 0x00000000a0c00000, 0x00000000a0c00000|100%| O|  |TAMS 0x00000000a0c00000, 0x00000000a0b00000| Untracked 
|  12|0x00000000a0c00000, 0x00000000a0d00000, 0x00000000a0d00000|100%| O|  |TAMS 0x00000000a0d00000, 0x00000000a0c00000| Untracked 
|  13|0x00000000a0d00000, 0x00000000a0e00000, 0x00000000a0e00000|100%| O|  |TAMS 0x00000000a0e00000, 0x00000000a0d00000| Untracked 
|  14|0x00000000a0e00000, 0x00000000a0f00000, 0x00000000a0f00000|100%| O|  |TAMS 0x00000000a0f00000, 0x00000000a0e00000| Untracked 
|  15|0x00000000a0f00000, 0x00000000a1000000, 0x00000000a1000000|100%| O|  |TAMS 0x00000000a1000000, 0x00000000a0f00000| Untracked 
|  16|0x00000000a1000000, 0x00000000a1100000, 0x00000000a1100000|100%| O|  |TAMS 0x00000000a1100000, 0x00000000a1000000| Untracked 
|  17|0x00000000a1100000, 0x00000000a1200000, 0x00000000a1200000|100%| O|  |TAMS 0x00000000a1200000, 0x00000000a1100000| Untracked 
|  18|0x00000000a1200000, 0x00000000a1300000, 0x00000000a1300000|100%| O|  |TAMS 0x00000000a1300000, 0x00000000a1200000| Untracked 
|  19|0x00000000a1300000, 0x00000000a1400000, 0x00000000a1400000|100%| O|  |TAMS 0x00000000a1400000, 0x00000000a1300000| Untracked 
|  20|0x00000000a1400000, 0x00000000a1500000, 0x00000000a1500000|100%| O|  |TAMS 0x00000000a1500000, 0x00000000a1400000| Untracked 
|  21|0x00000000a1500000, 0x00000000a1600000, 0x00000000a1600000|100%| O|  |TAMS 0x00000000a1600000, 0x00000000a1500000| Untracked 
|  22|0x00000000a1600000, 0x00000000a1700000, 0x00000000a1700000|100%| O|  |TAMS 0x00000000a1700000, 0x00000000a1600000| Untracked 
|  23|0x00000000a1700000, 0x00000000a1800000, 0x00000000a1800000|100%| O|  |TAMS 0x00000000a1800000, 0x00000000a1700000| Untracked 
|  24|0x00000000a1800000, 0x00000000a1900000, 0x00000000a1900000|100%| O|  |TAMS 0x00000000a1900000, 0x00000000a1800000| Untracked 
|  25|0x00000000a1900000, 0x00000000a1a00000, 0x00000000a1a00000|100%| O|  |TAMS 0x00000000a1900000, 0x00000000a1900000| Untracked 
|  26|0x00000000a1a00000, 0x00000000a1ac4200, 0x00000000a1b00000| 76%| O|  |TAMS 0x00000000a1a00000, 0x00000000a1a00000| Untracked 
|  27|0x00000000a1b00000, 0x00000000a1b00000, 0x00000000a1c00000|  0%| F|  |TAMS 0x00000000a1b00000, 0x00000000a1b00000| Untracked 
|  28|0x00000000a1c00000, 0x00000000a1c00000, 0x00000000a1d00000|  0%| F|  |TAMS 0x00000000a1c00000, 0x00000000a1c00000| Untracked 
|  29|0x00000000a1d00000, 0x00000000a1d00000, 0x00000000a1e00000|  0%| F|  |TAMS 0x00000000a1d00000, 0x00000000a1d00000| Untracked 
|  30|0x00000000a1e00000, 0x00000000a1f00000, 0x00000000a1f00000|100%| O|  |TAMS 0x00000000a1e00000, 0x00000000a1e00000| Untracked 
|  31|0x00000000a1f00000, 0x00000000a2000000, 0x00000000a2000000|100%| O|  |TAMS 0x00000000a1f00000, 0x00000000a1f00000| Untracked 
|  32|0x00000000a2000000, 0x00000000a2000000, 0x00000000a2100000|  0%| F|  |TAMS 0x00000000a2000000, 0x00000000a2000000| Untracked 
|  33|0x00000000a2100000, 0x00000000a2100000, 0x00000000a2200000|  0%| F|  |TAMS 0x00000000a2100000, 0x00000000a2100000| Untracked 
|  34|0x00000000a2200000, 0x00000000a2200000, 0x00000000a2300000|  0%| F|  |TAMS 0x00000000a2200000, 0x00000000a2200000| Untracked 
|  35|0x00000000a2300000, 0x00000000a2300000, 0x00000000a2400000|  0%| F|  |TAMS 0x00000000a2300000, 0x00000000a2300000| Untracked 
|  36|0x00000000a2400000, 0x00000000a2400000, 0x00000000a2500000|  0%| F|  |TAMS 0x00000000a2400000, 0x00000000a2400000| Untracked 
|  37|0x00000000a2500000, 0x00000000a2500000, 0x00000000a2600000|  0%| F|  |TAMS 0x00000000a2500000, 0x00000000a2500000| Untracked 
|  38|0x00000000a2600000, 0x00000000a2600000, 0x00000000a2700000|  0%| F|  |TAMS 0x00000000a2600000, 0x00000000a2600000| Untracked 
|  39|0x00000000a2700000, 0x00000000a2700000, 0x00000000a2800000|  0%| F|  |TAMS 0x00000000a2700000, 0x00000000a2700000| Untracked 
|  40|0x00000000a2800000, 0x00000000a2800000, 0x00000000a2900000|  0%| F|  |TAMS 0x00000000a2800000, 0x00000000a2800000| Untracked 
|  41|0x00000000a2900000, 0x00000000a2900000, 0x00000000a2a00000|  0%| F|  |TAMS 0x00000000a2900000, 0x00000000a2900000| Untracked 
|  42|0x00000000a2a00000, 0x00000000a2a00000, 0x00000000a2b00000|  0%| F|  |TAMS 0x00000000a2a00000, 0x00000000a2a00000| Untracked 
|  43|0x00000000a2b00000, 0x00000000a2b00000, 0x00000000a2c00000|  0%| F|  |TAMS 0x00000000a2b00000, 0x00000000a2b00000| Untracked 
|  44|0x00000000a2c00000, 0x00000000a2c00000, 0x00000000a2d00000|  0%| F|  |TAMS 0x00000000a2c00000, 0x00000000a2c00000| Untracked 
|  45|0x00000000a2d00000, 0x00000000a2e00000, 0x00000000a2e00000|100%| S|CS|TAMS 0x00000000a2d00000, 0x00000000a2d00000| Complete 
|  46|0x00000000a2e00000, 0x00000000a2f00000, 0x00000000a2f00000|100%| S|CS|TAMS 0x00000000a2e00000, 0x00000000a2e00000| Complete 
|  47|0x00000000a2f00000, 0x00000000a3000000, 0x00000000a3000000|100%| S|CS|TAMS 0x00000000a2f00000, 0x00000000a2f00000| Complete 
|  48|0x00000000a3000000, 0x00000000a3100000, 0x00000000a3100000|100%| S|CS|TAMS 0x00000000a3000000, 0x00000000a3000000| Complete 
|  49|0x00000000a3100000, 0x00000000a3200000, 0x00000000a3200000|100%| S|CS|TAMS 0x00000000a3100000, 0x00000000a3100000| Complete 
|  50|0x00000000a3200000, 0x00000000a3300000, 0x00000000a3300000|100%| S|CS|TAMS 0x00000000a3200000, 0x00000000a3200000| Complete 
|  51|0x00000000a3300000, 0x00000000a3400000, 0x00000000a3400000|100%| S|CS|TAMS 0x00000000a3300000, 0x00000000a3300000| Complete 
|  52|0x00000000a3400000, 0x00000000a3500000, 0x00000000a3500000|100%| S|CS|TAMS 0x00000000a3400000, 0x00000000a3400000| Complete 
|  53|0x00000000a3500000, 0x00000000a3500000, 0x00000000a3600000|  0%| F|  |TAMS 0x00000000a3500000, 0x00000000a3500000| Untracked 
|  54|0x00000000a3600000, 0x00000000a3600000, 0x00000000a3700000|  0%| F|  |TAMS 0x00000000a3600000, 0x00000000a3600000| Untracked 
|  55|0x00000000a3700000, 0x00000000a3700000, 0x00000000a3800000|  0%| F|  |TAMS 0x00000000a3700000, 0x00000000a3700000| Untracked 
|  56|0x00000000a3800000, 0x00000000a3800000, 0x00000000a3900000|  0%| F|  |TAMS 0x00000000a3800000, 0x00000000a3800000| Untracked 
|  57|0x00000000a3900000, 0x00000000a3900000, 0x00000000a3a00000|  0%| F|  |TAMS 0x00000000a3900000, 0x00000000a3900000| Untracked 
|  58|0x00000000a3a00000, 0x00000000a3a00000, 0x00000000a3b00000|  0%| F|  |TAMS 0x00000000a3a00000, 0x00000000a3a00000| Untracked 
|  59|0x00000000a3b00000, 0x00000000a3b00000, 0x00000000a3c00000|  0%| F|  |TAMS 0x00000000a3b00000, 0x00000000a3b00000| Untracked 
|  60|0x00000000a3c00000, 0x00000000a3c00000, 0x00000000a3d00000|  0%| F|  |TAMS 0x00000000a3c00000, 0x00000000a3c00000| Untracked 
|  61|0x00000000a3d00000, 0x00000000a3d00000, 0x00000000a3e00000|  0%| F|  |TAMS 0x00000000a3d00000, 0x00000000a3d00000| Untracked 
|  62|0x00000000a3e00000, 0x00000000a3e00000, 0x00000000a3f00000|  0%| F|  |TAMS 0x00000000a3e00000, 0x00000000a3e00000| Untracked 
|  63|0x00000000a3f00000, 0x00000000a3f00000, 0x00000000a4000000|  0%| F|  |TAMS 0x00000000a3f00000, 0x00000000a3f00000| Untracked 
|  64|0x00000000a4000000, 0x00000000a4000000, 0x00000000a4100000|  0%| F|  |TAMS 0x00000000a4000000, 0x00000000a4000000| Untracked 
|  65|0x00000000a4100000, 0x00000000a4100000, 0x00000000a4200000|  0%| F|  |TAMS 0x00000000a4100000, 0x00000000a4100000| Untracked 
|  66|0x00000000a4200000, 0x00000000a4200000, 0x00000000a4300000|  0%| F|  |TAMS 0x00000000a4200000, 0x00000000a4200000| Untracked 
|  67|0x00000000a4300000, 0x00000000a4300000, 0x00000000a4400000|  0%| F|  |TAMS 0x00000000a4300000, 0x00000000a4300000| Untracked 
|  68|0x00000000a4400000, 0x00000000a4400000, 0x00000000a4500000|  0%| F|  |TAMS 0x00000000a4400000, 0x00000000a4400000| Untracked 
|  69|0x00000000a4500000, 0x00000000a4500000, 0x00000000a4600000|  0%| F|  |TAMS 0x00000000a4500000, 0x00000000a4500000| Untracked 
|  70|0x00000000a4600000, 0x00000000a4600000, 0x00000000a4700000|  0%| F|  |TAMS 0x00000000a4600000, 0x00000000a4600000| Untracked 
|  71|0x00000000a4700000, 0x00000000a4700000, 0x00000000a4800000|  0%| F|  |TAMS 0x00000000a4700000, 0x00000000a4700000| Untracked 
|  72|0x00000000a4800000, 0x00000000a4800000, 0x00000000a4900000|  0%| F|  |TAMS 0x00000000a4800000, 0x00000000a4800000| Untracked 
|  73|0x00000000a4900000, 0x00000000a4900000, 0x00000000a4a00000|  0%| F|  |TAMS 0x00000000a4900000, 0x00000000a4900000| Untracked 
|  74|0x00000000a4a00000, 0x00000000a4a00000, 0x00000000a4b00000|  0%| F|  |TAMS 0x00000000a4a00000, 0x00000000a4a00000| Untracked 
|  75|0x00000000a4b00000, 0x00000000a4b00000, 0x00000000a4c00000|  0%| F|  |TAMS 0x00000000a4b00000, 0x00000000a4b00000| Untracked 
|  76|0x00000000a4c00000, 0x00000000a4c00000, 0x00000000a4d00000|  0%| F|  |TAMS 0x00000000a4c00000, 0x00000000a4c00000| Untracked 
|  77|0x00000000a4d00000, 0x00000000a4d00000, 0x00000000a4e00000|  0%| F|  |TAMS 0x00000000a4d00000, 0x00000000a4d00000| Untracked 
|  78|0x00000000a4e00000, 0x00000000a4e00000, 0x00000000a4f00000|  0%| F|  |TAMS 0x00000000a4e00000, 0x00000000a4e00000| Untracked 
|  79|0x00000000a4f00000, 0x00000000a4f00000, 0x00000000a5000000|  0%| F|  |TAMS 0x00000000a4f00000, 0x00000000a4f00000| Untracked 
|  80|0x00000000a5000000, 0x00000000a5000000, 0x00000000a5100000|  0%| F|  |TAMS 0x00000000a5000000, 0x00000000a5000000| Untracked 
|  81|0x00000000a5100000, 0x00000000a5100000, 0x00000000a5200000|  0%| F|  |TAMS 0x00000000a5100000, 0x00000000a5100000| Untracked 
|  82|0x00000000a5200000, 0x00000000a5200000, 0x00000000a5300000|  0%| F|  |TAMS 0x00000000a5200000, 0x00000000a5200000| Untracked 
|  83|0x00000000a5300000, 0x00000000a5300000, 0x00000000a5400000|  0%| F|  |TAMS 0x00000000a5300000, 0x00000000a5300000| Untracked 
|  84|0x00000000a5400000, 0x00000000a5400000, 0x00000000a5500000|  0%| F|  |TAMS 0x00000000a5400000, 0x00000000a5400000| Untracked 
|  85|0x00000000a5500000, 0x00000000a5500000, 0x00000000a5600000|  0%| F|  |TAMS 0x00000000a5500000, 0x00000000a5500000| Untracked 
|  86|0x00000000a5600000, 0x00000000a5600000, 0x00000000a5700000|  0%| F|  |TAMS 0x00000000a5600000, 0x00000000a5600000| Untracked 
|  87|0x00000000a5700000, 0x00000000a5700000, 0x00000000a5800000|  0%| F|  |TAMS 0x00000000a5700000, 0x00000000a5700000| Untracked 
|  88|0x00000000a5800000, 0x00000000a5800000, 0x00000000a5900000|  0%| F|  |TAMS 0x00000000a5800000, 0x00000000a5800000| Untracked 
|  89|0x00000000a5900000, 0x00000000a5900000, 0x00000000a5a00000|  0%| F|  |TAMS 0x00000000a5900000, 0x00000000a5900000| Untracked 
|  90|0x00000000a5a00000, 0x00000000a5a00000, 0x00000000a5b00000|  0%| F|  |TAMS 0x00000000a5a00000, 0x00000000a5a00000| Untracked 
|  91|0x00000000a5b00000, 0x00000000a5b00000, 0x00000000a5c00000|  0%| F|  |TAMS 0x00000000a5b00000, 0x00000000a5b00000| Untracked 
|  92|0x00000000a5c00000, 0x00000000a5c00000, 0x00000000a5d00000|  0%| F|  |TAMS 0x00000000a5c00000, 0x00000000a5c00000| Untracked 
|  93|0x00000000a5d00000, 0x00000000a5d00000, 0x00000000a5e00000|  0%| F|  |TAMS 0x00000000a5d00000, 0x00000000a5d00000| Untracked 
|  94|0x00000000a5e00000, 0x00000000a5e00000, 0x00000000a5f00000|  0%| F|  |TAMS 0x00000000a5e00000, 0x00000000a5e00000| Untracked 
|  95|0x00000000a5f00000, 0x00000000a5f00000, 0x00000000a6000000|  0%| F|  |TAMS 0x00000000a5f00000, 0x00000000a5f00000| Untracked 
|  96|0x00000000a6000000, 0x00000000a6000000, 0x00000000a6100000|  0%| F|  |TAMS 0x00000000a6000000, 0x00000000a6000000| Untracked 
|  97|0x00000000a6100000, 0x00000000a6100000, 0x00000000a6200000|  0%| F|  |TAMS 0x00000000a6100000, 0x00000000a6100000| Untracked 
|  98|0x00000000a6200000, 0x00000000a6200000, 0x00000000a6300000|  0%| F|  |TAMS 0x00000000a6200000, 0x00000000a6200000| Untracked 
|  99|0x00000000a6300000, 0x00000000a6300000, 0x00000000a6400000|  0%| F|  |TAMS 0x00000000a6300000, 0x00000000a6300000| Untracked 
| 100|0x00000000a6400000, 0x00000000a6400000, 0x00000000a6500000|  0%| F|  |TAMS 0x00000000a6400000, 0x00000000a6400000| Untracked 
| 101|0x00000000a6500000, 0x00000000a6500000, 0x00000000a6600000|  0%| F|  |TAMS 0x00000000a6500000, 0x00000000a6500000| Untracked 
| 102|0x00000000a6600000, 0x00000000a66b5db8, 0x00000000a6700000| 71%| E|  |TAMS 0x00000000a6600000, 0x00000000a6600000| Complete 
| 103|0x00000000a6700000, 0x00000000a6800000, 0x00000000a6800000|100%| E|CS|TAMS 0x00000000a6700000, 0x00000000a6700000| Complete 
| 104|0x00000000a6800000, 0x00000000a6900000, 0x00000000a6900000|100%| E|CS|TAMS 0x00000000a6800000, 0x00000000a6800000| Complete 
| 105|0x00000000a6900000, 0x00000000a6a00000, 0x00000000a6a00000|100%| E|CS|TAMS 0x00000000a6900000, 0x00000000a6900000| Complete 
| 106|0x00000000a6a00000, 0x00000000a6b00000, 0x00000000a6b00000|100%| E|CS|TAMS 0x00000000a6a00000, 0x00000000a6a00000| Complete 
| 107|0x00000000a6b00000, 0x00000000a6c00000, 0x00000000a6c00000|100%| E|CS|TAMS 0x00000000a6b00000, 0x00000000a6b00000| Complete 
| 112|0x00000000a7000000, 0x00000000a7100000, 0x00000000a7100000|100%| E|CS|TAMS 0x00000000a7000000, 0x00000000a7000000| Complete 
| 113|0x00000000a7100000, 0x00000000a7200000, 0x00000000a7200000|100%| E|CS|TAMS 0x00000000a7100000, 0x00000000a7100000| Complete 

Card table byte_map: [0x000001c67b710000,0x000001c67ba10000] _byte_map_base: 0x000001c67b210000

Marking Bits (Prev, Next): (CMBitMap*) 0x000001c67b394fa0, (CMBitMap*) 0x000001c67b394fe0
 Prev Bits: [0x000001c67bd10000, 0x000001c67d510000)
 Next Bits: [0x000001c67d510000, 0x000001c67ed10000)

Polling page: 0x000001c6790f0000

Metaspace:

Usage:
  Non-class:     36.58 MB used.
      Class:      5.88 MB used.
       Both:     42.47 MB used.

Virtual space:
  Non-class space:       64.00 MB reserved,      37.19 MB ( 58%) committed,  1 nodes.
      Class space:        1.00 GB reserved,       6.56 MB ( <1%) committed,  1 nodes.
             Both:        1.06 GB reserved,      43.75 MB (  4%) committed. 

Chunk freelists:
   Non-Class:  2.22 MB
       Class:  1.41 MB
        Both:  3.63 MB

MaxMetaspaceSize: unlimited
CompressedClassSpaceSize: 1.00 GB
Initial GC threshold: 21.00 MB
Current GC threshold: 60.12 MB
CDS: on
MetaspaceReclaimPolicy: balanced
 - commit_granule_bytes: 65536.
 - commit_granule_words: 8192.
 - virtual_space_node_default_size: 8388608.
 - enlarge_chunks_in_place: 1.
 - new_chunks_are_fully_committed: 0.
 - uncommit_free_chunks: 1.
 - use_allocation_guard: 0.


Internal statistics:

num_allocs_failed_limit: 11.
num_arena_births: 2272.
num_arena_deaths: 14.
num_vsnodes_births: 2.
num_vsnodes_deaths: 0.
num_space_committed: 700.
num_space_uncommitted: 0.
num_chunks_returned_to_freelist: 27.
num_chunks_taken_from_freelist: 4127.
num_chunk_merges: 8.
num_chunk_splits: 2704.
num_chunks_enlarged: 1677.
num_inconsistent_stats: 0.

CodeHeap 'non-profiled nmethods': size=120000Kb used=2052Kb max_used=2396Kb free=117947Kb
 bounds [0x000001c60f340000, 0x000001c60f5b0000, 0x000001c616870000]
CodeHeap 'profiled nmethods': size=120000Kb used=9467Kb max_used=9467Kb free=110532Kb
 bounds [0x000001c607e10000, 0x000001c608760000, 0x000001c60f340000]
CodeHeap 'non-nmethods': size=5760Kb used=2316Kb max_used=2348Kb free=3443Kb
 bounds [0x000001c607870000, 0x000001c607ae0000, 0x000001c607e10000]
 total_blobs=5497 nmethods=4675 adapters=734
 compilation: enabled
              stopped_count=0, restarted_count=0
 full_count=0

Compilation events (20 events):
Event: 41.816 Thread 0x000001c67f169640 5356   !   3       java.io.WinNTFileSystem::isInvalid (78 bytes)
Event: 41.816 Thread 0x000001c67f169640 nmethod 5356 0x000001c607f08490 code [0x000001c607f08680, 0x000001c607f08b38]
Event: 41.828 Thread 0x000001c67f169640 5358       3       org.objectweb.asm.ClassReader::readStackMapFrame (535 bytes)
Event: 41.830 Thread 0x000001c67f169640 nmethod 5358 0x000001c6083cc590 code [0x000001c6083cc840, 0x000001c6083cd8a8]
Event: 41.837 Thread 0x000001c67f169640 5359       3       org.gradle.internal.instantiation.generator.AbstractClassGenerator$ExtensibleTypePropertyHandler::claimPropertyImplementation (95 bytes)
Event: 41.838 Thread 0x000001c67f169640 nmethod 5359 0x000001c6086bee90 code [0x000001c6086bf100, 0x000001c6086bfa98]
Event: 41.838 Thread 0x000001c67f169640 5364       3       org.gradle.internal.instantiation.generator.AbstractClassGenerator$AbstractInjectedPropertyHandler::claimPropertyImplementation (61 bytes)
Event: 41.840 Thread 0x000001c67f169640 nmethod 5364 0x000001c6086bda90 code [0x000001c6086bdd20, 0x000001c6086bea68]
Event: 41.840 Thread 0x000001c67f169640 5363       3       org.gradle.internal.instantiation.generator.AbstractClassGenerator$ManagedPropertiesHandler::claimPropertyImplementation (141 bytes)
Event: 41.841 Thread 0x000001c67f169640 nmethod 5363 0x000001c6086bbe90 code [0x000001c6086bc1a0, 0x000001c6086bd578]
Event: 41.841 Thread 0x000001c67f169640 5360       3       org.gradle.internal.instantiation.generator.AbstractClassGenerator$DslMixInPropertyType::claimPropertyImplementation (21 bytes)
Event: 41.842 Thread 0x000001c67f169640 nmethod 5360 0x000001c607f07f90 code [0x000001c607f08140, 0x000001c607f08348]
Event: 41.842 Thread 0x000001c67f169640 5361       3       org.gradle.internal.instantiation.generator.AbstractClassGenerator$ServicesPropertyHandler::claimPropertyImplementation (40 bytes)
Event: 41.843 Thread 0x000001c67f169640 nmethod 5361 0x000001c6086bb090 code [0x000001c6086bb2c0, 0x000001c6086bbb98]
Event: 41.843 Thread 0x000001c67f169640 5362       3       org.gradle.internal.instantiation.generator.AbstractClassGenerator$NamePropertyHandler::claimPropertyImplementation (16 bytes)
Event: 41.843 Thread 0x000001c67f169640 nmethod 5362 0x000001c6086bab90 code [0x000001c6086bad40, 0x000001c6086bafa8]
Event: 41.844 Thread 0x000001c67f169640 5365       1       com.google.common.collect.LinkedHashMultimap$ValueEntry::getSuccessorInValueSet (5 bytes)
Event: 41.844 Thread 0x000001c67f169640 nmethod 5365 0x000001c60f405610 code [0x000001c60f4057a0, 0x000001c60f405878]
Event: 41.847 Thread 0x000001c67f169640 5366       3       com.google.common.collect.ImmutableList::asImmutableList (60 bytes)
Event: 41.848 Thread 0x000001c67f169640 nmethod 5366 0x000001c6086b9b90 code [0x000001c6086b9de0, 0x000001c6086ba818]

GC Heap History (20 events):
Event: 27.184 GC heap before
{Heap before GC invocations=4 (full 0):
 garbage-first heap   total 65536K, used 41559K [0x00000000a0000000, 0x0000000100000000)
  region size 1024K, 29 young (29696K), 5 survivors (5120K)
 Metaspace       used 15428K, committed 16000K, reserved 1114112K
  class space    used 2201K, committed 2496K, reserved 1048576K
}
Event: 27.197 GC heap after
{Heap after GC invocations=5 (full 0):
 garbage-first heap   total 65536K, used 18745K [0x00000000a0000000, 0x0000000100000000)
  region size 1024K, 2 young (2048K), 2 survivors (2048K)
 Metaspace       used 15428K, committed 16000K, reserved 1114112K
  class space    used 2201K, committed 2496K, reserved 1048576K
}
Event: 30.214 GC heap before
{Heap before GC invocations=5 (full 0):
 garbage-first heap   total 65536K, used 44345K [0x00000000a0000000, 0x0000000100000000)
  region size 1024K, 27 young (27648K), 2 survivors (2048K)
 Metaspace       used 19705K, committed 20416K, reserved 1114112K
  class space    used 2894K, committed 3264K, reserved 1048576K
}
Event: 30.284 GC heap after
{Heap after GC invocations=6 (full 0):
 garbage-first heap   total 65536K, used 20635K [0x00000000a0000000, 0x0000000100000000)
  region size 1024K, 4 young (4096K), 4 survivors (4096K)
 Metaspace       used 19705K, committed 20416K, reserved 1114112K
  class space    used 2894K, committed 3264K, reserved 1048576K
}
Event: 31.147 GC heap before
{Heap before GC invocations=6 (full 0):
 garbage-first heap   total 65536K, used 26779K [0x00000000a0000000, 0x0000000100000000)
  region size 1024K, 12 young (12288K), 4 survivors (4096K)
 Metaspace       used 20879K, committed 21504K, reserved 1114112K
  class space    used 3019K, committed 3328K, reserved 1048576K
}
Event: 31.164 GC heap after
{Heap after GC invocations=7 (full 0):
 garbage-first heap   total 65536K, used 23863K [0x00000000a0000000, 0x0000000100000000)
  region size 1024K, 4 young (4096K), 4 survivors (4096K)
 Metaspace       used 20879K, committed 21504K, reserved 1114112K
  class space    used 3019K, committed 3328K, reserved 1048576K
}
Event: 32.549 GC heap before
{Heap before GC invocations=8 (full 0):
 garbage-first heap   total 65536K, used 46391K [0x00000000a0000000, 0x0000000100000000)
  region size 1024K, 26 young (26624K), 4 survivors (4096K)
 Metaspace       used 24162K, committed 25024K, reserved 1114112K
  class space    used 3517K, committed 3968K, reserved 1048576K
}
Event: 32.562 GC heap after
{Heap after GC invocations=9 (full 0):
 garbage-first heap   total 65536K, used 24093K [0x00000000a0000000, 0x0000000100000000)
  region size 1024K, 2 young (2048K), 2 survivors (2048K)
 Metaspace       used 24162K, committed 25024K, reserved 1114112K
  class space    used 3517K, committed 3968K, reserved 1048576K
}
Event: 32.596 GC heap before
{Heap before GC invocations=9 (full 0):
 garbage-first heap   total 65536K, used 25117K [0x00000000a0000000, 0x0000000100000000)
  region size 1024K, 3 young (3072K), 2 survivors (2048K)
 Metaspace       used 24277K, committed 25152K, reserved 1114112K
  class space    used 3537K, committed 3968K, reserved 1048576K
}
Event: 32.606 GC heap after
{Heap after GC invocations=10 (full 0):
 garbage-first heap   total 65536K, used 23993K [0x00000000a0000000, 0x0000000100000000)
  region size 1024K, 1 young (1024K), 1 survivors (1024K)
 Metaspace       used 24277K, committed 25152K, reserved 1114112K
  class space    used 3537K, committed 3968K, reserved 1048576K
}
Event: 33.840 GC heap before
{Heap before GC invocations=10 (full 0):
 garbage-first heap   total 65536K, used 45497K [0x00000000a0000000, 0x0000000100000000)
  region size 1024K, 23 young (23552K), 1 survivors (1024K)
 Metaspace       used 27341K, committed 28416K, reserved 1114112K
  class space    used 4017K, committed 4544K, reserved 1048576K
}
Event: 33.846 GC heap after
{Heap after GC invocations=11 (full 0):
 garbage-first heap   total 65536K, used 24863K [0x00000000a0000000, 0x0000000100000000)
  region size 1024K, 2 young (2048K), 2 survivors (2048K)
 Metaspace       used 27341K, committed 28416K, reserved 1114112K
  class space    used 4017K, committed 4544K, reserved 1048576K
}
Event: 35.046 GC heap before
{Heap before GC invocations=11 (full 0):
 garbage-first heap   total 65536K, used 47391K [0x00000000a0000000, 0x0000000100000000)
  region size 1024K, 24 young (24576K), 2 survivors (2048K)
 Metaspace       used 29793K, committed 30912K, reserved 1114112K
  class space    used 4270K, committed 4864K, reserved 1048576K
}
Event: 35.064 GC heap after
{Heap after GC invocations=12 (full 0):
 garbage-first heap   total 65536K, used 27386K [0x00000000a0000000, 0x0000000100000000)
  region size 1024K, 3 young (3072K), 3 survivors (3072K)
 Metaspace       used 29793K, committed 30912K, reserved 1114112K
  class space    used 4270K, committed 4864K, reserved 1048576K
}
Event: 35.634 GC heap before
{Heap before GC invocations=12 (full 0):
 garbage-first heap   total 65536K, used 48890K [0x00000000a0000000, 0x0000000100000000)
  region size 1024K, 25 young (25600K), 3 survivors (3072K)
 Metaspace       used 32402K, committed 33472K, reserved 1114112K
  class space    used 4709K, committed 5248K, reserved 1048576K
}
Event: 35.664 GC heap after
{Heap after GC invocations=13 (full 0):
 garbage-first heap   total 116736K, used 29262K [0x00000000a0000000, 0x0000000100000000)
  region size 1024K, 4 young (4096K), 4 survivors (4096K)
 Metaspace       used 32402K, committed 33472K, reserved 1114112K
  class space    used 4709K, committed 5248K, reserved 1048576K
}
Event: 36.608 GC heap before
{Heap before GC invocations=13 (full 0):
 garbage-first heap   total 116736K, used 46670K [0x00000000a0000000, 0x0000000100000000)
  region size 1024K, 22 young (22528K), 4 survivors (4096K)
 Metaspace       used 35329K, committed 36416K, reserved 1114112K
  class space    used 5033K, committed 5632K, reserved 1048576K
}
Event: 36.672 GC heap after
{Heap after GC invocations=14 (full 0):
 garbage-first heap   total 116736K, used 31155K [0x00000000a0000000, 0x0000000100000000)
  region size 1024K, 4 young (4096K), 4 survivors (4096K)
 Metaspace       used 35329K, committed 36416K, reserved 1114112K
  class space    used 5033K, committed 5632K, reserved 1048576K
}
Event: 41.366 GC heap before
{Heap before GC invocations=15 (full 0):
 garbage-first heap   total 112640K, used 87475K [0x00000000a0000000, 0x0000000100000000)
  region size 1024K, 57 young (58368K), 4 survivors (4096K)
 Metaspace       used 42565K, committed 43840K, reserved 1114112K
  class space    used 5916K, committed 6592K, reserved 1048576K
}
Event: 41.458 GC heap after
{Heap after GC invocations=16 (full 0):
 garbage-first heap   total 112640K, used 37648K [0x00000000a0000000, 0x0000000100000000)
  region size 1024K, 8 young (8192K), 8 survivors (8192K)
 Metaspace       used 42565K, committed 43840K, reserved 1114112K
  class space    used 5916K, committed 6592K, reserved 1048576K
}

Deoptimization events (20 events):
Event: 40.948 Thread 0x000001c61e7e79a0 DEOPT PACKING pc=0x000001c60f4b5a88 sp=0x0000009f42bf6b70
Event: 40.948 Thread 0x000001c61e7e79a0 DEOPT UNPACKING pc=0x000001c6078c23a3 sp=0x0000009f42bf6ad0 mode 2
Event: 40.976 Thread 0x000001c61e7e79a0 Uncommon trap: trap_request=0xffffff45 fr.pc=0x000001c60f35ae64 relative=0x00000000000001c4
Event: 40.976 Thread 0x000001c61e7e79a0 Uncommon trap: reason=unstable_if action=reinterpret pc=0x000001c60f35ae64 method=java.lang.String.compareTo(Ljava/lang/String;)I @ 22 c2
Event: 40.976 Thread 0x000001c61e7e79a0 DEOPT PACKING pc=0x000001c60f35ae64 sp=0x0000009f42bf6840
Event: 40.976 Thread 0x000001c61e7e79a0 DEOPT UNPACKING pc=0x000001c6078c23a3 sp=0x0000009f42bf6748 mode 2
Event: 41.524 Thread 0x000001c61e7e79a0 Uncommon trap: trap_request=0xffffff45 fr.pc=0x000001c60f52ee6c relative=0x00000000000002ac
Event: 41.524 Thread 0x000001c61e7e79a0 Uncommon trap: reason=unstable_if action=reinterpret pc=0x000001c60f52ee6c method=java.util.HashMap.getNode(Ljava/lang/Object;)Ljava/util/HashMap$Node; @ 57 c2
Event: 41.524 Thread 0x000001c61e7e79a0 DEOPT PACKING pc=0x000001c60f52ee6c sp=0x0000009f42bf4fc0
Event: 41.524 Thread 0x000001c61e7e79a0 DEOPT UNPACKING pc=0x000001c6078c23a3 sp=0x0000009f42bf4ee0 mode 2
Event: 41.524 Thread 0x000001c61e7e79a0 Uncommon trap: trap_request=0xffffff45 fr.pc=0x000001c60f4e9c54 relative=0x00000000000007f4
Event: 41.524 Thread 0x000001c61e7e79a0 Uncommon trap: reason=unstable_if action=reinterpret pc=0x000001c60f4e9c54 method=java.util.HashMap.putVal(ILjava/lang/Object;Ljava/lang/Object;ZZ)Ljava/lang/Object; @ 85 c2
Event: 41.525 Thread 0x000001c61e7e79a0 DEOPT PACKING pc=0x000001c60f4e9c54 sp=0x0000009f42bf4f80
Event: 41.525 Thread 0x000001c61e7e79a0 DEOPT UNPACKING pc=0x000001c6078c23a3 sp=0x0000009f42bf4eb0 mode 2
Event: 41.540 Thread 0x000001c61e7e79a0 Uncommon trap: trap_request=0xffffff45 fr.pc=0x000001c60f35a524 relative=0x0000000000000344
Event: 41.540 Thread 0x000001c61e7e79a0 Uncommon trap: reason=unstable_if action=reinterpret pc=0x000001c60f35a524 method=org.gradle.internal.reflect.PropertyAccessorType.isGetGetterName(Ljava/lang/String;)Z @ 14 c2
Event: 41.540 Thread 0x000001c61e7e79a0 DEOPT PACKING pc=0x000001c60f35a524 sp=0x0000009f42bf53b0
Event: 41.540 Thread 0x000001c61e7e79a0 DEOPT UNPACKING pc=0x000001c6078c23a3 sp=0x0000009f42bf5308 mode 2
Event: 41.616 Thread 0x000001c61e7e79a0 DEOPT PACKING pc=0x000001c6083f7556 sp=0x0000009f42bf46e0
Event: 41.616 Thread 0x000001c61e7e79a0 DEOPT UNPACKING pc=0x000001c6078c2b43 sp=0x0000009f42bf3bc8 mode 0

Classes loaded (20 events):
Event: 39.246 Loading class java/util/ArrayListCustomizer
Event: 39.246 Loading class java/util/ArrayListCustomizer done
Event: 39.247 Loading class java/util/ArrayListCustomizer
Event: 39.247 Loading class java/util/ArrayListCustomizer done
Event: 40.325 Loading class java/nio/file/AtomicMoveNotSupportedException
Event: 40.325 Loading class java/nio/file/AtomicMoveNotSupportedException done
Event: 40.979 Loading class org/xml/sax/Locator
Event: 40.980 Loading class org/xml/sax/Locator done
Event: 40.980 Loading class org/xml/sax/SAXParseException
Event: 40.980 Loading class org/xml/sax/SAXParseException done
Event: 40.983 Loading class org/xml/sax/Attributes
Event: 40.983 Loading class org/xml/sax/Attributes done
Event: 41.208 Loading class java/util/zip/GZIPOutputStream
Event: 41.208 Loading class java/util/zip/GZIPOutputStream done
Event: 41.208 Loading class java/util/zip/GZIPInputStream
Event: 41.209 Loading class java/util/zip/GZIPInputStream done
Event: 41.222 Loading class java/lang/ThreadLocal$SuppliedThreadLocal
Event: 41.223 Loading class java/lang/ThreadLocal$SuppliedThreadLocal done
Event: 41.583 Loading class java/lang/StringIndexOutOfBoundsException
Event: 41.584 Loading class java/lang/StringIndexOutOfBoundsException done

Classes unloaded (7 events):
Event: 37.035 Thread 0x000001c67b3b3ac0 Unloading class 0x0000000800f2a800 'java/lang/invoke/LambdaForm$MH+0x0000000800f2a800'
Event: 37.035 Thread 0x000001c67b3b3ac0 Unloading class 0x0000000800f2a000 'java/lang/invoke/LambdaForm$MH+0x0000000800f2a000'
Event: 37.035 Thread 0x000001c67b3b3ac0 Unloading class 0x0000000800f29400 'java/lang/invoke/LambdaForm$MH+0x0000000800f29400'
Event: 37.035 Thread 0x000001c67b3b3ac0 Unloading class 0x0000000800f28400 'java/lang/invoke/LambdaForm$MH+0x0000000800f28400'
Event: 37.035 Thread 0x000001c67b3b3ac0 Unloading class 0x0000000800f22400 'java/lang/invoke/LambdaForm$MH+0x0000000800f22400'
Event: 37.036 Thread 0x000001c67b3b3ac0 Unloading class 0x0000000800f21c00 'java/lang/invoke/LambdaForm$DMH+0x0000000800f21c00'
Event: 37.036 Thread 0x000001c67b3b3ac0 Unloading class 0x0000000800f21400 'java/lang/invoke/LambdaForm$DMH+0x0000000800f21400'

Classes redefined (0 events):
No events

Internal exceptions (20 events):
Event: 39.145 Thread 0x000001c61e7e79a0 Exception <a 'java/lang/ClassNotFoundException'{0x00000000a4aa5310}: app_plugin_loader_3w1iyle7cao2g8b8g8ai1xyctCustomizer> (0x00000000a4aa5310) 
thrown [s\open\src\hotspot\share\classfile\systemDictionary.cpp, line 255]
Event: 39.164 Thread 0x000001c61e7e79a0 Exception <a 'java/lang/ClassNotFoundException'{0x00000000a4ae7138}: groovy/json/JsonSlurperBeanInfo> (0x00000000a4ae7138) 
thrown [s\open\src\hotspot\share\classfile\systemDictionary.cpp, line 255]
Event: 39.165 Thread 0x000001c61e7e79a0 Exception <a 'java/lang/ClassNotFoundException'{0x00000000a4af5a40}: groovy/json/JsonSlurperCustomizer> (0x00000000a4af5a40) 
thrown [s\open\src\hotspot\share\classfile\systemDictionary.cpp, line 255]
Event: 39.213 Thread 0x000001c61e7e79a0 Exception <a 'java/lang/ClassNotFoundException'{0x00000000a49e0508}: org/apache/groovy/json/internal/LazyMapBeanInfo> (0x00000000a49e0508) 
thrown [s\open\src\hotspot\share\classfile\systemDictionary.cpp, line 255]
Event: 39.213 Thread 0x000001c61e7e79a0 Exception <a 'java/lang/ClassNotFoundException'{0x00000000a49e5b70}: java/util/AbstractMapBeanInfo> (0x00000000a49e5b70) 
thrown [s\open\src\hotspot\share\classfile\systemDictionary.cpp, line 255]
Event: 39.213 Thread 0x000001c61e7e79a0 Exception <a 'java/lang/ClassNotFoundException'{0x00000000a49eb1b8}: java/util/AbstractMapCustomizer> (0x00000000a49eb1b8) 
thrown [s\open\src\hotspot\share\classfile\systemDictionary.cpp, line 255]
Event: 39.215 Thread 0x000001c61e7e79a0 Exception <a 'java/lang/ClassNotFoundException'{0x00000000a49fe208}: org/apache/groovy/json/internal/LazyMapCustomizer> (0x00000000a49fe208) 
thrown [s\open\src\hotspot\share\classfile\systemDictionary.cpp, line 255]
Event: 39.236 Thread 0x000001c61e7e79a0 Exception <a 'java/lang/ClassNotFoundException'{0x00000000a4736df0}: java/util/ArrayListBeanInfo> (0x00000000a4736df0) 
thrown [s\open\src\hotspot\share\classfile\systemDictionary.cpp, line 255]
Event: 39.241 Thread 0x000001c61e7e79a0 Exception <a 'java/lang/ClassNotFoundException'{0x00000000a473c468}: java/util/AbstractListBeanInfo> (0x00000000a473c468) 
thrown [s\open\src\hotspot\share\classfile\systemDictionary.cpp, line 255]
Event: 39.242 Thread 0x000001c61e7e79a0 Exception <a 'java/lang/ClassNotFoundException'{0x00000000a4741da8}: java/util/AbstractCollectionBeanInfo> (0x00000000a4741da8) 
thrown [s\open\src\hotspot\share\classfile\systemDictionary.cpp, line 255]
Event: 39.243 Thread 0x000001c61e7e79a0 Exception <a 'java/lang/ClassNotFoundException'{0x00000000a47476c8}: java/util/AbstractCollectionCustomizer> (0x00000000a47476c8) 
thrown [s\open\src\hotspot\share\classfile\systemDictionary.cpp, line 255]
Event: 39.245 Thread 0x000001c61e7e79a0 Exception <a 'java/lang/ClassNotFoundException'{0x00000000a4756278}: java/util/AbstractListCustomizer> (0x00000000a4756278) 
thrown [s\open\src\hotspot\share\classfile\systemDictionary.cpp, line 255]
Event: 39.247 Thread 0x000001c61e7e79a0 Exception <a 'java/lang/ClassNotFoundException'{0x00000000a4766938}: java/util/ArrayListCustomizer> (0x00000000a4766938) 
thrown [s\open\src\hotspot\share\classfile\systemDictionary.cpp, line 255]
Event: 40.954 Thread 0x000001c61e7e79a0 Exception <a 'java/lang/ClassNotFoundException'{0x00000000a3e2a438}: org/gradle/api/internal/project/DefaultProject_DecoratedBeanInfo> (0x00000000a3e2a438) 
thrown [s\open\src\hotspot\share\classfile\systemDictionary.cpp, line 255]
Event: 40.955 Thread 0x000001c61e7e79a0 Exception <a 'java/lang/ClassNotFoundException'{0x00000000a3e35770}: org/gradle/api/internal/project/DefaultProjectBeanInfo> (0x00000000a3e35770) 
thrown [s\open\src\hotspot\share\classfile\systemDictionary.cpp, line 255]
Event: 40.957 Thread 0x000001c61e7e79a0 Exception <a 'java/lang/ClassNotFoundException'{0x00000000a3e40ab0}: org/gradle/api/internal/project/DefaultProjectCustomizer> (0x00000000a3e40ab0) 
thrown [s\open\src\hotspot\share\classfile\systemDictionary.cpp, line 255]
Event: 40.973 Thread 0x000001c61e7e79a0 Exception <a 'java/lang/ClassNotFoundException'{0x00000000a3ee3900}: org/gradle/api/internal/project/DefaultProject_DecoratedCustomizer> (0x00000000a3ee3900) 
thrown [s\open\src\hotspot\share\classfile\systemDictionary.cpp, line 255]
Event: 41.183 Thread 0x000001c61e7e79a0 Exception <a 'java/lang/NoSuchMethodError'{0x00000000a387f2f8}: 'java.lang.Object java.lang.invoke.DirectMethodHandle$Holder.invokeVirtual(java.lang.Object, java.lang.Object, java.lang.Object, java.lang.Object, java.lang.Object, java.lang.Object, java.lang.Object, java.lang.Object, java.lang.Object, java.lang.Object, java.lang.Object, java.lang.Object, java.lang.Object, java.lang.Object, java.lang.Object, java.lang.Object)'> (0x00000000a387f2f8) 
thrown [s\open\src\hotspot\share\interpreter\linkResolver.cp
Event: 41.265 Thread 0x000001c61e7e79a0 Exception <a 'java/lang/NoSuchMethodError'{0x00000000a37d8868}: 'java.lang.Object java.lang.invoke.Invokers$Holder.invoker(java.lang.Object, java.lang.Object, java.lang.Object, java.lang.Object, java.lang.Object, java.lang.Object, java.lang.Object, java.lang.Object, java.lang.Object, java.lang.Object, java.lang.Object, java.lang.Object, java.lang.Object, java.lang.Object, java.lang.Object, java.lang.Object, java.lang.Object, java.lang.Object, java.lang.Object, java.lang.Object, java.lang.Object)'> (0x00000
Event: 41.267 Thread 0x000001c61e7e79a0 Exception <a 'java/lang/NoSuchMethodError'{0x00000000a37df8e8}: 'java.lang.Object java.lang.invoke.DelegatingMethodHandle$Holder.delegate(java.lang.Object, java.lang.Object, java.lang.Object, java.lang.Object, java.lang.Object, java.lang.Object, java.lang.Object, java.lang.Object, java.lang.Object, java.lang.Object, java.lang.Object, java.lang.Object, java.lang.Object, java.lang.Object, java.lang.Object, java.lang.Object, java.lang.Object, java.lang.Object, java.lang.Object, java.lang.Object, java.lang.Obj

VM Operations (20 events):
Event: 37.750 Executing VM operation: HandshakeAllThreads
Event: 37.751 Executing VM operation: HandshakeAllThreads done
Event: 37.983 Executing VM operation: HandshakeAllThreads
Event: 37.984 Executing VM operation: HandshakeAllThreads done
Event: 38.607 Executing VM operation: ICBufferFull
Event: 38.607 Executing VM operation: ICBufferFull done
Event: 38.927 Executing VM operation: HandshakeAllThreads
Event: 38.927 Executing VM operation: HandshakeAllThreads done
Event: 38.930 Executing VM operation: HandshakeAllThreads
Event: 38.930 Executing VM operation: HandshakeAllThreads done
Event: 39.171 Executing VM operation: HandshakeAllThreads
Event: 39.171 Executing VM operation: HandshakeAllThreads done
Event: 39.400 Executing VM operation: ICBufferFull
Event: 39.400 Executing VM operation: ICBufferFull done
Event: 40.414 Executing VM operation: Cleanup
Event: 40.414 Executing VM operation: Cleanup done
Event: 41.366 Executing VM operation: G1CollectForAllocation
Event: 41.458 Executing VM operation: G1CollectForAllocation done
Event: 41.559 Executing VM operation: HandshakeAllThreads
Event: 41.559 Executing VM operation: HandshakeAllThreads done

Events (20 events):
Event: 37.555 Thread 0x000001c67f1ac500 flushing nmethod 0x000001c608690790
Event: 37.555 Thread 0x000001c67f1ac500 flushing nmethod 0x000001c608699e10
Event: 37.555 Thread 0x000001c67f1ac500 flushing nmethod 0x000001c60869d510
Event: 37.555 Thread 0x000001c67f1ac500 flushing nmethod 0x000001c60869e290
Event: 37.555 Thread 0x000001c67f1ac500 flushing nmethod 0x000001c6086a1490
Event: 37.555 Thread 0x000001c67f1ac500 flushing nmethod 0x000001c6086a1c10
Event: 37.555 Thread 0x000001c67f1ac500 flushing nmethod 0x000001c6086a6190
Event: 37.555 Thread 0x000001c67f1ac500 flushing nmethod 0x000001c6086a8490
Event: 37.555 Thread 0x000001c67f1ac500 flushing nmethod 0x000001c6086b7790
Event: 37.555 Thread 0x000001c67f1ac500 flushing nmethod 0x000001c6086b8010
Event: 37.555 Thread 0x000001c67f1ac500 flushing nmethod 0x000001c6086cb810
Event: 37.555 Thread 0x000001c67f1ac500 flushing nmethod 0x000001c6086cd990
Event: 37.555 Thread 0x000001c67f1ac500 flushing nmethod 0x000001c6086cea10
Event: 37.555 Thread 0x000001c67f1ac500 flushing nmethod 0x000001c6086cfa90
Event: 37.555 Thread 0x000001c67f1ac500 flushing nmethod 0x000001c6086dad90
Event: 37.903 Thread 0x000001c61eef1950 Thread added: 0x000001c61eef1950
Event: 38.160 Thread 0x000001c61eef1e20 Thread added: 0x000001c61eef1e20
Event: 38.650 Thread 0x000001c61eeef2d0 Thread added: 0x000001c61eeef2d0
Event: 39.385 Thread 0x000001c61eef0ae0 Thread added: 0x000001c61eef0ae0
Event: 41.253 Thread 0x000001c61eef22f0 Thread added: 0x000001c61eef22f0


Dynamic libraries:
0x00007ff7d84d0000 - 0x00007ff7d84e0000 	C:\Program Files\Java\jdk-18.0.1.1\bin\java.exe
0x00007ffdf72d0000 - 0x00007ffdf74c7000 	C:\Windows\SYSTEM32\ntdll.dll
0x00007ffdf5b10000 - 0x00007ffdf5bcd000 	C:\Windows\System32\KERNEL32.DLL
0x00007ffdf49f0000 - 0x00007ffdf4cbd000 	C:\Windows\System32\KERNELBASE.dll
0x00007ffdf4e90000 - 0x00007ffdf4f90000 	C:\Windows\System32\ucrtbase.dll
0x00007ffdd1270000 - 0x00007ffdd1288000 	C:\Program Files\Java\jdk-18.0.1.1\bin\jli.dll
0x00007ffdf5ea0000 - 0x00007ffdf5f4e000 	C:\Windows\System32\ADVAPI32.dll
0x00007ffdf5bf0000 - 0x00007ffdf5c8e000 	C:\Windows\System32\msvcrt.dll
0x00007ffdf6b80000 - 0x00007ffdf6c1c000 	C:\Windows\System32\sechost.dll
0x00007ffdf5d70000 - 0x00007ffdf5e95000 	C:\Windows\System32\RPCRT4.dll
0x00007ffdc34f0000 - 0x00007ffdc350a000 	C:\Program Files\Java\jdk-18.0.1.1\bin\VCRUNTIME140.dll
0x00007ffdf6d90000 - 0x00007ffdf6f30000 	C:\Windows\System32\USER32.dll
0x00007ffdf5300000 - 0x00007ffdf5322000 	C:\Windows\System32\win32u.dll
0x00007ffdf5330000 - 0x00007ffdf535a000 	C:\Windows\System32\GDI32.dll
0x00007ffdf4cc0000 - 0x00007ffdf4dcb000 	C:\Windows\System32\gdi32full.dll
0x00007ffdf5020000 - 0x00007ffdf50bd000 	C:\Windows\System32\msvcp_win.dll
0x00007ffdebd70000 - 0x00007ffdebd7a000 	C:\Windows\SYSTEM32\VERSION.dll
0x00007ffdf3e00000 - 0x00007ffdf409a000 	C:\Windows\WinSxS\amd64_microsoft.windows.common-controls_6595b64144ccf1df_6.0.19041.1110_none_60b5254171f9507e\COMCTL32.dll
0x00007ffdf5a70000 - 0x00007ffdf5aa0000 	C:\Windows\System32\IMM32.DLL
0x00007ffdd12e0000 - 0x00007ffdd12ec000 	C:\Program Files\Java\jdk-18.0.1.1\bin\vcruntime140_1.dll
0x00007ffdbdc40000 - 0x00007ffdbdccd000 	C:\Program Files\Java\jdk-18.0.1.1\bin\msvcp140.dll
0x00007ffdb11a0000 - 0x00007ffdb1db0000 	C:\Program Files\Java\jdk-18.0.1.1\bin\server\jvm.dll
0x00007ffdf5a60000 - 0x00007ffdf5a68000 	C:\Windows\System32\PSAPI.DLL
0x00007ffdd16a0000 - 0x00007ffdd16c7000 	C:\Windows\SYSTEM32\WINMM.dll
0x00007ffdef7b0000 - 0x00007ffdef7b9000 	C:\Windows\SYSTEM32\WSOCK32.dll
0x00007ffdf61c0000 - 0x00007ffdf622b000 	C:\Windows\System32\WS2_32.dll
0x00007ffdf2330000 - 0x00007ffdf2342000 	C:\Windows\SYSTEM32\kernel.appcore.dll
0x00007ffdd1260000 - 0x00007ffdd126a000 	C:\Program Files\Java\jdk-18.0.1.1\bin\jimage.dll
0x00007ffdf43a0000 - 0x00007ffdf4584000 	C:\Windows\SYSTEM32\DBGHELP.DLL
0x00007ffdf4370000 - 0x00007ffdf439c000 	C:\Windows\SYSTEM32\dbgcore.DLL
0x00007ffdf4f90000 - 0x00007ffdf5012000 	C:\Windows\System32\bcryptPrimitives.dll
0x00007ffdc29b0000 - 0x00007ffdc29d5000 	C:\Program Files\Java\jdk-18.0.1.1\bin\java.dll
0x00007ffdb9fd0000 - 0x00007ffdba0a6000 	C:\Program Files\Java\jdk-18.0.1.1\bin\jsvml.dll
0x00007ffdf6430000 - 0x00007ffdf6b74000 	C:\Windows\System32\SHELL32.dll
0x00007ffdf24a0000 - 0x00007ffdf2c34000 	C:\Windows\SYSTEM32\windows.storage.dll
0x00007ffdf6f30000 - 0x00007ffdf7284000 	C:\Windows\System32\combase.dll
0x00007ffdf3d60000 - 0x00007ffdf3d8c000 	C:\Windows\SYSTEM32\Wldp.dll
0x00007ffdf6c80000 - 0x00007ffdf6d2d000 	C:\Windows\System32\SHCORE.dll
0x00007ffdf5ab0000 - 0x00007ffdf5b05000 	C:\Windows\System32\shlwapi.dll
0x00007ffdf4930000 - 0x00007ffdf494f000 	C:\Windows\SYSTEM32\profapi.dll
0x00007ffdc3250000 - 0x00007ffdc3263000 	C:\Program Files\Java\jdk-18.0.1.1\bin\net.dll
0x00007ffdd3480000 - 0x00007ffdd358a000 	C:\Windows\SYSTEM32\WINHTTP.dll
0x00007ffdf3a50000 - 0x00007ffdf3aba000 	C:\Windows\system32\mswsock.dll
0x00007ffdc1fd0000 - 0x00007ffdc1fe6000 	C:\Program Files\Java\jdk-18.0.1.1\bin\nio.dll
0x00007ffdc1fb0000 - 0x00007ffdc1fc8000 	C:\Program Files\Java\jdk-18.0.1.1\bin\zip.dll
0x00007ffdcdcc0000 - 0x00007ffdcdcd0000 	C:\Program Files\Java\jdk-18.0.1.1\bin\verify.dll
0x00007ffdd2630000 - 0x00007ffdd2657000 	C:\Users\camda\.gradle\native\e1d6ef7f7dcc3fd88c89a11ec53ec762bb8ba0a96d01ffa2cd45eb1d1d8dd5c5\windows-amd64\native-platform.dll
0x00007ffdbd460000 - 0x00007ffdbd5a4000 	C:\Users\camda\.gradle\native\0d407fdbe67a94daf76414ababcb853783967236a71b16ec16e742cd7a986fd3\windows-amd64\native-platform-file-events.dll
0x00007ffdcd390000 - 0x00007ffdcd399000 	C:\Program Files\Java\jdk-18.0.1.1\bin\management.dll
0x00007ffdcb9e0000 - 0x00007ffdcb9eb000 	C:\Program Files\Java\jdk-18.0.1.1\bin\management_ext.dll
0x00007ffdf4780000 - 0x00007ffdf4798000 	C:\Windows\SYSTEM32\CRYPTSP.dll
0x00007ffdf3400000 - 0x00007ffdf3434000 	C:\Windows\system32\rsaenh.dll
0x00007ffdf52d0000 - 0x00007ffdf52f7000 	C:\Windows\System32\bcrypt.dll
0x00007ffdf48b0000 - 0x00007ffdf48de000 	C:\Windows\SYSTEM32\USERENV.dll
0x00007ffdf3c80000 - 0x00007ffdf3c8c000 	C:\Windows\SYSTEM32\CRYPTBASE.dll
0x00007ffdf3780000 - 0x00007ffdf37bb000 	C:\Windows\SYSTEM32\IPHLPAPI.DLL
0x00007ffdf5aa0000 - 0x00007ffdf5aa8000 	C:\Windows\System32\NSI.dll
0x00007ffde6d30000 - 0x00007ffde6d47000 	C:\Windows\SYSTEM32\dhcpcsvc6.DLL
0x00007ffde6e00000 - 0x00007ffde6e1d000 	C:\Windows\SYSTEM32\dhcpcsvc.DLL
0x00007ffdf37c0000 - 0x00007ffdf388b000 	C:\Windows\SYSTEM32\DNSAPI.dll

dbghelp: loaded successfully - version: 4.0.5 - missing functions: none
symbol engine: initialized successfully - sym options: 0x614 - pdb path: .;C:\Program Files\Java\jdk-18.0.1.1\bin;C:\Windows\SYSTEM32;C:\Windows\WinSxS\amd64_microsoft.windows.common-controls_6595b64144ccf1df_6.0.19041.1110_none_60b5254171f9507e;C:\Program Files\Java\jdk-18.0.1.1\bin\server;C:\Users\camda\.gradle\native\e1d6ef7f7dcc3fd88c89a11ec53ec762bb8ba0a96d01ffa2cd45eb1d1d8dd5c5\windows-amd64;C:\Users\camda\.gradle\native\0d407fdbe67a94daf76414ababcb853783967236a71b16ec16e742cd7a986fd3\windows-amd64

VM Arguments:
jvm_args: --add-opens=java.base/java.util=ALL-UNNAMED --add-opens=java.base/java.lang=ALL-UNNAMED --add-opens=java.base/java.lang.invoke=ALL-UNNAMED --add-opens=java.base/java.util=ALL-UNNAMED --add-opens=java.prefs/java.util.prefs=ALL-UNNAMED --add-opens=java.prefs/java.util.prefs=ALL-UNNAMED --add-opens=java.base/java.nio.charset=ALL-UNNAMED --add-opens=java.base/java.net=ALL-UNNAMED --add-opens=java.base/java.util.concurrent.atomic=ALL-UNNAMED -Xmx1536M -Dfile.encoding=utf8 -Duser.country=TR -Duser.language=tr -Duser.variant 
java_command: org.gradle.launcher.daemon.bootstrap.GradleDaemon 7.4
java_class_path (initial): C:\Users\camda\.gradle\wrapper\dists\gradle-7.4-all\aadb4xli5jkdsnukm30eibyiu\gradle-7.4\lib\gradle-launcher-7.4.jar
Launcher Type: SUN_STANDARD

[Global flags]
     intx CICompilerCount                          = 3                                         {product} {ergonomic}
     uint ConcGCThreads                            = 1                                         {product} {ergonomic}
     uint G1ConcRefinementThreads                  = 4                                         {product} {ergonomic}
   size_t G1HeapRegionSize                         = 1048576                                   {product} {ergonomic}
    uintx GCDrainStackTargetSize                   = 64                                        {product} {ergonomic}
   size_t InitialHeapSize                          = 67108864                                  {product} {ergonomic}
   size_t MarkStackSize                            = 4194304                                   {product} {ergonomic}
   size_t MaxHeapSize                              = 1610612736                                {product} {command line}
   size_t MaxNewSize                               = 965738496                                 {product} {ergonomic}
   size_t MinHeapDeltaBytes                        = 1048576                                   {product} {ergonomic}
   size_t MinHeapSize                              = 8388608                                   {product} {ergonomic}
    uintx NonNMethodCodeHeapSize                   = 5832780                                {pd product} {ergonomic}
    uintx NonProfiledCodeHeapSize                  = 122912730                              {pd product} {ergonomic}
    uintx ProfiledCodeHeapSize                     = 122912730                              {pd product} {ergonomic}
    uintx ReservedCodeCacheSize                    = 251658240                              {pd product} {ergonomic}
     bool SegmentedCodeCache                       = true                                      {product} {ergonomic}
   size_t SoftMaxHeapSize                          = 1610612736                             {manageable} {ergonomic}
     bool UseCompressedClassPointers               = true                           {product lp64_product} {ergonomic}
     bool UseCompressedOops                        = true                           {product lp64_product} {ergonomic}
     bool UseG1GC                                  = true                                      {product} {ergonomic}
     bool UseLargePagesIndividualAllocation        = false                                  {pd product} {ergonomic}

Logging:
Log output configuration:
 #0: stdout all=warning uptime,level,tags foldmultilines=false
 #1: stderr all=off uptime,level,tags foldmultilines=false

Environment Variables:
JAVA_HOME=C:\Program Files\Java\jdk-18.0.1.1
PATH=C:\Program Files (x86)\Common Files\Oracle\Java\javapath;C:\Program Files\Common Files\Oracle\Java\javapath;C:\Windows\system32;C:\Windows;C:\Windows\System32\Wbem;C:\Windows\System32\WindowsPowerShell\v1.0\;C:\Windows\System32\OpenSSH\;C:\Program Files\Git\cmd;C:\Users\camda\AppData\Local\Microsoft\WindowsApps;C:\src\flutter\bin;D:\Microsoft VS Code\bin;C:\Users\camda\AppData\Local\GitHubDesktop\bin;C:\Program Files\Java\jdk18.0.1.1\bin;C:\Program Files\Android\Android Studio\jre\bin\keytool.exe;C:\Program Files\Android\Android Studio\jre\bin;
USERNAME=camda
OS=Windows_NT
PROCESSOR_IDENTIFIER=Intel64 Family 6 Model 142 Stepping 9, GenuineIntel



---------------  S Y S T E M  ---------------

OS:
 Windows 10 , 64 bit Build 19041 (10.0.19041.1741)
OS uptime: 0 days 13:55 hours

CPU: total 4 (initial active 4) (2 cores per cpu, 2 threads per core) family 6 model 142 stepping 9 microcode 0xb4, cx8, cmov, fxsr, ht, mmx, 3dnowpref, sse, sse2, sse3, ssse3, sse4.1, sse4.2, popcnt, lzcnt, tsc, tscinvbit, avx, avx2, aes, erms, clmul, bmi1, bmi2, adx, fma, vzeroupper, clflush, clflushopt

Memory: 4k page, system-wide physical 4001M (13M free)
TotalPageFile size 16289M (AvailPageFile size 0M)
current process WorkingSet (physical memory assigned to process): 149M, peak: 161M
current process commit charge ("private bytes"): 279M, peak: 280M

vm_info: Java HotSpot(TM) 64-Bit Server VM (18.0.1.1+2-6) for windows-amd64 JRE (18.0.1.1+2-6), built on Apr 25 2022 21:53:15 by "mach5one" with MS VC++ 16.8 / 16.9 (VS2019)

END.
